<?xml version="1.0" encoding="UTF-8"?>
<coverage generated="1497802635556" clover="3.2.0">
  <project timestamp="1497802635556" name="All files">
    <metrics statements="211" coveredstatements="180" conditionals="87" coveredconditionals="64" methods="46" coveredmethods="35" elements="344" coveredelements="279" complexity="0" loc="211" ncloc="211" packages="1" files="3" classes="3">
      <file name="dyna-cache.ts" path="/Users/dennistheotokatos/dev/anel/dev/repos/dneco3.0/dneco3/libraries/dyna-cache/src/dyna-cache.ts">
        <metrics statements="140" coveredstatements="117" conditionals="51" coveredconditionals="33" methods="34" coveredmethods="25"/>
        <line num="1" count="2" type="stmt"/>
        <line num="2" count="2" type="stmt"/>
        <line num="3" count="2" type="stmt"/>
        <line num="4" count="2" type="stmt"/>
        <line num="5" count="2" type="stmt"/>
        <line num="8" count="2" type="stmt"/>
        <line num="13" count="1" type="stmt"/>
        <line num="16" count="1" type="stmt"/>
        <line num="17" count="1" type="stmt"/>
        <line num="18" count="1" type="stmt"/>
        <line num="19" count="1" type="stmt"/>
        <line num="20" count="1" type="stmt"/>
        <line num="25" count="1" type="stmt"/>
        <line num="26" count="1" type="stmt"/>
        <line num="27" count="1" type="stmt"/>
        <line num="30" count="5" type="stmt"/>
        <line num="31" count="5" type="stmt"/>
        <line num="34" count="0" type="stmt"/>
        <line num="37" count="9" type="cond" truecount="2" falsecount="0"/>
        <line num="38" count="8" type="stmt"/>
        <line num="40" count="1" type="stmt"/>
        <line num="43" count="10" type="stmt"/>
        <line num="46" count="3" type="stmt"/>
        <line num="47" count="937" type="stmt"/>
        <line num="50" count="0" type="stmt"/>
        <line num="53" count="4972" type="stmt"/>
        <line num="54" count="4972" type="stmt"/>
        <line num="55" count="4972" type="stmt"/>
        <line num="56" count="4972" type="cond" truecount="1" falsecount="1"/>
        <line num="57" count="0" type="stmt"/>
        <line num="58" count="4972" type="cond" truecount="2" falsecount="2"/>
        <line num="59" count="4972" type="stmt"/>
        <line num="61" count="4972" type="stmt"/>
        <line num="66" count="4972" type="cond" truecount="1" falsecount="1"/>
        <line num="67" count="4972" type="stmt"/>
        <line num="68" count="4972" type="stmt"/>
        <line num="69" count="4972" type="stmt"/>
        <line num="71" count="4972" type="stmt"/>
        <line num="72" count="4972" type="stmt"/>
        <line num="75" count="5" type="stmt"/>
        <line num="76" count="5" type="cond" truecount="2" falsecount="0"/>
        <line num="77" count="2" type="stmt"/>
        <line num="78" count="2" type="stmt"/>
        <line num="81" count="3" type="stmt"/>
        <line num="85" count="4598" type="stmt"/>
        <line num="86" count="4598" type="cond" truecount="1" falsecount="1"/>
        <line num="87" count="4598" type="stmt"/>
        <line num="88" count="4598" type="stmt"/>
        <line num="89" count="4598" type="cond" truecount="2" falsecount="0"/>
        <line num="90" count="4598" type="cond" truecount="2" falsecount="0"/>
        <line num="91" count="4598" type="stmt"/>
        <line num="94" count="0" type="stmt"/>
        <line num="98" count="6" type="stmt"/>
        <line num="100" count="3737" type="stmt"/>
        <line num="101" count="3737" type="cond" truecount="1" falsecount="1"/>
        <line num="102" count="3737" type="stmt"/>
        <line num="105" count="6" type="stmt"/>
        <line num="106" count="6" type="stmt"/>
        <line num="109" count="1" type="stmt"/>
        <line num="110" count="1" type="cond" truecount="1" falsecount="1"/>
        <line num="111" count="1" type="stmt"/>
        <line num="112" count="1" type="stmt"/>
        <line num="115" count="0" type="stmt"/>
        <line num="119" count="0" type="stmt"/>
        <line num="120" count="0" type="stmt"/>
        <line num="121" count="0" type="stmt"/>
        <line num="122" count="0" type="stmt"/>
        <line num="125" count="5" type="stmt"/>
        <line num="126" count="5" type="stmt"/>
        <line num="127" count="4671" type="stmt"/>
        <line num="128" count="4671" type="stmt"/>
        <line num="129" count="4671" type="stmt"/>
        <line num="131" count="5" type="stmt"/>
        <line num="132" count="5" type="stmt"/>
        <line num="133" count="5" type="stmt"/>
        <line num="136" count="0" type="cond" truecount="0" falsecount="2"/>
        <line num="137" count="0" type="stmt"/>
        <line num="141" count="4" type="stmt"/>
        <line num="142" count="4" type="stmt"/>
        <line num="143" count="4" type="stmt"/>
        <line num="144" count="4" type="stmt"/>
        <line num="145" count="4" type="stmt"/>
        <line num="146" count="4" type="stmt"/>
        <line num="147" count="4" type="stmt"/>
        <line num="148" count="3737" type="stmt"/>
        <line num="149" count="3737" type="stmt"/>
        <line num="150" count="3737" type="cond" truecount="1" falsecount="1"/>
        <line num="151" count="0" type="stmt"/>
        <line num="152" count="0" type="cond" truecount="0" falsecount="2"/>
        <line num="153" count="0" type="stmt"/>
        <line num="154" count="0" type="stmt"/>
        <line num="157" count="0" type="stmt"/>
        <line num="158" count="0" type="stmt"/>
        <line num="163" count="4" type="stmt"/>
        <line num="164" count="4" type="stmt"/>
        <line num="167" count="0" type="stmt"/>
        <line num="168" count="0" type="cond" truecount="0" falsecount="2"/>
        <line num="169" count="0" type="stmt"/>
        <line num="173" count="4973" type="stmt"/>
        <line num="174" count="4973" type="stmt"/>
        <line num="175" count="4973" type="stmt"/>
        <line num="176" count="4973" type="stmt"/>
        <line num="177" count="4973" type="stmt"/>
        <line num="178" count="4973" type="stmt"/>
        <line num="180" count="4973" type="cond" truecount="5" falsecount="0"/>
        <line num="181" count="5" type="stmt"/>
        <line num="182" count="5" type="cond" truecount="1" falsecount="1"/>
        <line num="183" count="5" type="stmt"/>
        <line num="184" count="5" type="cond" truecount="1" falsecount="1"/>
        <line num="185" count="0" type="stmt"/>
        <line num="186" count="0" type="stmt"/>
        <line num="189" count="5" type="stmt"/>
        <line num="190" count="5" type="stmt"/>
        <line num="191" count="4" type="stmt"/>
        <line num="192" count="4" type="cond" truecount="2" falsecount="0"/>
        <line num="193" count="4" type="cond" truecount="2" falsecount="0"/>
        <line num="194" count="4" type="cond" truecount="2" falsecount="0"/>
        <line num="195" count="2" type="stmt"/>
        <line num="202" count="1" type="stmt"/>
        <line num="203" count="1" type="stmt"/>
        <line num="204" count="1" type="stmt"/>
        <line num="206" count="1" type="stmt"/>
        <line num="207" count="1" type="stmt"/>
        <line num="210" count="1" type="stmt"/>
        <line num="211" count="1" type="stmt"/>
        <line num="212" count="1" type="stmt"/>
        <line num="217" count="1" type="stmt"/>
        <line num="218" count="1" type="stmt"/>
        <line num="221" count="4981" type="stmt"/>
        <line num="222" count="4981" type="cond" truecount="2" falsecount="0"/>
        <line num="223" count="1511" type="stmt"/>
        <line num="224" count="3470" type="cond" truecount="1" falsecount="1"/>
        <line num="225" count="0" type="stmt"/>
        <line num="226" count="3470" type="stmt"/>
        <line num="227" count="3242484" type="stmt"/>
        <line num="228" count="3242484" type="stmt"/>
        <line num="229" count="36018554" type="stmt"/>
        <line num="230" count="3470" type="stmt"/>
        <line num="231" count="4593" type="stmt"/>
        <line num="235" count="2" type="stmt"/>
      </file>
      <file name="index.ts" path="/Users/dennistheotokatos/dev/anel/dev/repos/dneco3.0/dneco3/libraries/dyna-cache/src/index.ts">
        <metrics statements="6" coveredstatements="6" conditionals="0" coveredconditionals="0" methods="0" coveredmethods="0"/>
        <line num="1" count="2" type="stmt"/>
        <line num="2" count="2" type="stmt"/>
        <line num="3" count="2" type="stmt"/>
        <line num="4" count="2" type="stmt"/>
        <line num="5" count="2" type="stmt"/>
        <line num="6" count="2" type="stmt"/>
      </file>
      <file name="utils.ts" path="/Users/dennistheotokatos/dev/anel/dev/repos/dneco3.0/dneco3/libraries/dyna-cache/src/utils.ts">
        <metrics statements="65" coveredstatements="57" conditionals="36" coveredconditionals="31" methods="12" coveredmethods="10"/>
        <line num="1" count="6" type="stmt"/>
        <line num="2" count="6" type="stmt"/>
        <line num="4" count="15" type="cond" truecount="2" falsecount="0"/>
        <line num="5" count="13" type="stmt"/>
        <line num="6" count="15" type="cond" truecount="2" falsecount="0"/>
        <line num="7" count="2" type="stmt"/>
        <line num="9" count="13" type="cond" truecount="2" falsecount="0"/>
        <line num="10" count="2" type="stmt"/>
        <line num="12" count="11" type="cond" truecount="2" falsecount="0"/>
        <line num="13" count="2" type="stmt"/>
        <line num="16" count="9" type="cond" truecount="2" falsecount="0"/>
        <line num="17" count="9" type="cond" truecount="2" falsecount="0"/>
        <line num="18" count="1" type="stmt"/>
        <line num="19" count="8" type="cond" truecount="6" falsecount="1"/>
        <line num="20" count="2" type="stmt"/>
        <line num="21" count="1" type="stmt"/>
        <line num="22" count="1" type="stmt"/>
        <line num="23" count="2" type="stmt"/>
        <line num="24" count="1" type="stmt"/>
        <line num="25" count="1" type="stmt"/>
        <line num="27" count="0" type="stmt"/>
        <line num="31" count="6" type="stmt"/>
        <line num="33" count="4977" type="stmt"/>
        <line num="34" count="4977" type="stmt"/>
        <line num="35" count="9977" type="cond" truecount="4" falsecount="0"/>
        <line num="36" count="4980" type="cond" truecount="2" falsecount="0"/>
        <line num="37" count="6" type="cond" truecount="2" falsecount="0"/>
        <line num="38" count="1" type="stmt"/>
        <line num="40" count="5" type="stmt"/>
        <line num="42" count="4974" type="stmt"/>
        <line num="44" count="9971" type="stmt"/>
        <line num="46" count="4977" type="stmt"/>
        <line num="47" count="4977" type="stmt"/>
        <line num="49" count="6" type="stmt"/>
        <line num="51" count="4974" type="stmt"/>
        <line num="53" count="6" type="stmt"/>
        <line num="55" count="4973" type="stmt"/>
        <line num="57" count="6" type="stmt"/>
        <line num="59" count="4975" type="stmt"/>
        <line num="61" count="6" type="stmt"/>
        <line num="63" count="4974" type="stmt"/>
        <line num="64" count="4974" type="stmt"/>
        <line num="65" count="4974" type="stmt"/>
        <line num="66" count="14915" type="cond" truecount="1" falsecount="1"/>
        <line num="67" count="0" type="stmt"/>
        <line num="69" count="4974" type="stmt"/>
        <line num="72" count="4974" type="stmt"/>
        <line num="73" count="4974" type="cond" truecount="1" falsecount="1"/>
        <line num="74" count="0" type="cond" truecount="0" falsecount="2"/>
        <line num="76" count="6" type="stmt"/>
        <line num="77" count="6" type="stmt"/>
        <line num="79" count="6" type="stmt"/>
        <line num="80" count="6" type="stmt"/>
        <line num="81" count="1536" type="stmt"/>
        <line num="82" count="1536" type="stmt"/>
        <line num="83" count="12288" type="cond" truecount="2" falsecount="0"/>
        <line num="85" count="1536" type="stmt"/>
        <line num="87" count="6" type="stmt"/>
        <line num="90" count="0" type="stmt"/>
        <line num="91" count="0" type="stmt"/>
        <line num="92" count="0" type="stmt"/>
        <line num="94" count="0" type="stmt"/>
        <line num="96" count="6" type="stmt"/>
        <line num="98" count="0" type="stmt"/>
        <line num="100" count="6" type="stmt"/>
      </file>
    </metrics>
  </project>
</coverage>
