{"/Users/dennistheotokatos/dev/anel/dev/repos/dneco3.0/dneco3/libraries/dyna-cache/src/dyna-cache.ts": {"path":"/Users/dennistheotokatos/dev/anel/dev/repos/dneco3.0/dneco3/libraries/dyna-cache/src/dyna-cache.ts","statementMap":{"0":{"start":{"line":1,"column":13},"end":{"line":1,"column":42}},"1":{"start":{"line":1,"column":42},"end":{"line":1,"column":55}},"2":{"start":{"line":2,"column":0},"end":{"line":2,"column":62}},"3":{"start":{"line":3,"column":16},"end":{"line":3,"column":34}},"4":{"start":{"line":4,"column":29},"end":{"line":4,"column":31}},"5":{"start":{"line":5,"column":30},"end":{"line":7,"column":1}},"6":{"start":{"line":8,"column":33},"end":{"line":10,"column":1}},"7":{"start":{"line":13,"column":8},"end":{"line":15,"column":10}},"8":{"start":{"line":16,"column":8},"end":{"line":16,"column":27}},"9":{"start":{"line":17,"column":8},"end":{"line":17,"column":22}},"10":{"start":{"line":18,"column":8},"end":{"line":18,"column":41}},"11":{"start":{"line":19,"column":8},"end":{"line":19,"column":52}},"12":{"start":{"line":20,"column":8},"end":{"line":24,"column":10}},"13":{"start":{"line":25,"column":8},"end":{"line":25,"column":133}},"14":{"start":{"line":26,"column":8},"end":{"line":26,"column":75}},"15":{"start":{"line":27,"column":8},"end":{"line":27,"column":64}},"16":{"start":{"line":30,"column":8},"end":{"line":30,"column":64}},"17":{"start":{"line":31,"column":8},"end":{"line":31,"column":30}},"18":{"start":{"line":34,"column":8},"end":{"line":34,"column":51}},"19":{"start":{"line":37,"column":8},"end":{"line":40,"column":21}},"20":{"start":{"line":38,"column":12},"end":{"line":38,"column":52}},"21":{"start":{"line":40,"column":12},"end":{"line":40,"column":21}},"22":{"start":{"line":43,"column":8},"end":{"line":43,"column":49}},"23":{"start":{"line":46,"column":8},"end":{"line":47,"column":76}},"24":{"start":{"line":47,"column":27},"end":{"line":47,"column":73}},"25":{"start":{"line":50,"column":8},"end":{"line":50,"column":70}},"26":{"start":{"line":50,"column":52},"end":{"line":50,"column":68}},"27":{"start":{"line":53,"column":20},"end":{"line":53,"column":25}},"28":{"start":{"line":54,"column":22},"end":{"line":54,"column":40}},"29":{"start":{"line":55,"column":26},"end":{"line":55,"column":86}},"30":{"start":{"line":56,"column":8},"end":{"line":57,"column":38}},"31":{"start":{"line":57,"column":12},"end":{"line":57,"column":38}},"32":{"start":{"line":58,"column":8},"end":{"line":60,"column":9}},"33":{"start":{"line":59,"column":12},"end":{"line":59,"column":44}},"34":{"start":{"line":61,"column":22},"end":{"line":65,"column":9}},"35":{"start":{"line":66,"column":8},"end":{"line":70,"column":9}},"36":{"start":{"line":67,"column":12},"end":{"line":67,"column":41}},"37":{"start":{"line":68,"column":12},"end":{"line":68,"column":37}},"38":{"start":{"line":69,"column":12},"end":{"line":69,"column":25}},"39":{"start":{"line":71,"column":8},"end":{"line":71,"column":71}},"40":{"start":{"line":72,"column":8},"end":{"line":72,"column":21}},"41":{"start":{"line":75,"column":19},"end":{"line":75,"column":37}},"42":{"start":{"line":76,"column":8},"end":{"line":82,"column":9}},"43":{"start":{"line":77,"column":12},"end":{"line":77,"column":53}},"44":{"start":{"line":78,"column":12},"end":{"line":78,"column":29}},"45":{"start":{"line":81,"column":12},"end":{"line":81,"column":29}},"46":{"start":{"line":85,"column":19},"end":{"line":85,"column":37}},"47":{"start":{"line":86,"column":8},"end":{"line":95,"column":9}},"48":{"start":{"line":87,"column":12},"end":{"line":87,"column":35}},"49":{"start":{"line":88,"column":12},"end":{"line":88,"column":38}},"50":{"start":{"line":89,"column":12},"end":{"line":89,"column":48}},"51":{"start":{"line":90,"column":12},"end":{"line":90,"column":64}},"52":{"start":{"line":91,"column":12},"end":{"line":91,"column":24}},"53":{"start":{"line":94,"column":12},"end":{"line":94,"column":25}},"54":{"start":{"line":98,"column":8},"end":{"line":104,"column":11}},"55":{"start":{"line":100,"column":25},"end":{"line":100,"column":43}},"56":{"start":{"line":101,"column":12},"end":{"line":103,"column":13}},"57":{"start":{"line":102,"column":16},"end":{"line":102,"column":55}},"58":{"start":{"line":105,"column":8},"end":{"line":105,"column":27}},"59":{"start":{"line":106,"column":8},"end":{"line":106,"column":22}},"60":{"start":{"line":109,"column":19},"end":{"line":109,"column":37}},"61":{"start":{"line":110,"column":8},"end":{"line":116,"column":9}},"62":{"start":{"line":111,"column":12},"end":{"line":111,"column":71}},"63":{"start":{"line":112,"column":12},"end":{"line":112,"column":24}},"64":{"start":{"line":115,"column":12},"end":{"line":115,"column":25}},"65":{"start":{"line":119,"column":8},"end":{"line":122,"column":68}},"66":{"start":{"line":120,"column":25},"end":{"line":120,"column":58}},"67":{"start":{"line":121,"column":28},"end":{"line":121,"column":47}},"68":{"start":{"line":122,"column":26},"end":{"line":122,"column":65}},"69":{"start":{"line":125,"column":23},"end":{"line":125,"column":25}},"70":{"start":{"line":126,"column":8},"end":{"line":130,"column":11}},"71":{"start":{"line":127,"column":23},"end":{"line":127,"column":60}},"72":{"start":{"line":128,"column":12},"end":{"line":128,"column":44}},"73":{"start":{"line":129,"column":12},"end":{"line":129,"column":33}},"74":{"start":{"line":131,"column":22},"end":{"line":131,"column":34}},"75":{"start":{"line":132,"column":8},"end":{"line":138,"column":9}},"76":{"start":{"line":133,"column":12},"end":{"line":133,"column":43}},"77":{"start":{"line":136,"column":12},"end":{"line":136,"column":115}},"78":{"start":{"line":137,"column":12},"end":{"line":137,"column":24}},"79":{"start":{"line":141,"column":8},"end":{"line":170,"column":9}},"80":{"start":{"line":142,"column":12},"end":{"line":142,"column":25}},"81":{"start":{"line":143,"column":26},"end":{"line":143,"column":46}},"82":{"start":{"line":144,"column":31},"end":{"line":144,"column":33}},"83":{"start":{"line":145,"column":12},"end":{"line":145,"column":45}},"84":{"start":{"line":146,"column":12},"end":{"line":146,"column":26}},"85":{"start":{"line":147,"column":12},"end":{"line":162,"column":15}},"86":{"start":{"line":148,"column":27},"end":{"line":148,"column":45}},"87":{"start":{"line":149,"column":16},"end":{"line":149,"column":39}},"88":{"start":{"line":150,"column":16},"end":{"line":161,"column":17}},"89":{"start":{"line":151,"column":36},"end":{"line":151,"column":97}},"90":{"start":{"line":152,"column":20},"end":{"line":160,"column":21}},"91":{"start":{"line":153,"column":24},"end":{"line":153,"column":47}},"92":{"start":{"line":154,"column":24},"end":{"line":154,"column":47}},"93":{"start":{"line":157,"column":24},"end":{"line":159,"column":38}},"94":{"start":{"line":158,"column":28},"end":{"line":158,"column":45}},"95":{"start":{"line":163,"column":12},"end":{"line":163,"column":34}},"96":{"start":{"line":164,"column":12},"end":{"line":164,"column":69}},"97":{"start":{"line":164,"column":42},"end":{"line":164,"column":67}},"98":{"start":{"line":167,"column":12},"end":{"line":167,"column":25}},"99":{"start":{"line":168,"column":12},"end":{"line":168,"column":120}},"100":{"start":{"line":169,"column":12},"end":{"line":169,"column":24}},"101":{"start":{"line":173,"column":8},"end":{"line":173,"column":153}},"102":{"start":{"line":174,"column":8},"end":{"line":174,"column":31}},"103":{"start":{"line":175,"column":8},"end":{"line":175,"column":49}},"104":{"start":{"line":176,"column":8},"end":{"line":176,"column":49}},"105":{"start":{"line":177,"column":8},"end":{"line":177,"column":41}},"106":{"start":{"line":178,"column":8},"end":{"line":178,"column":41}},"107":{"start":{"line":180,"column":8},"end":{"line":198,"column":9}},"108":{"start":{"line":181,"column":28},"end":{"line":181,"column":63}},"109":{"start":{"line":182,"column":12},"end":{"line":183,"column":55}},"110":{"start":{"line":183,"column":16},"end":{"line":183,"column":55}},"111":{"start":{"line":184,"column":12},"end":{"line":197,"column":13}},"112":{"start":{"line":185,"column":16},"end":{"line":185,"column":38}},"113":{"start":{"line":186,"column":16},"end":{"line":186,"column":48}},"114":{"start":{"line":189,"column":16},"end":{"line":189,"column":78}},"115":{"start":{"line":190,"column":16},"end":{"line":196,"column":30}},"116":{"start":{"line":191,"column":20},"end":{"line":191,"column":42}},"117":{"start":{"line":192,"column":20},"end":{"line":192,"column":75}},"118":{"start":{"line":193,"column":20},"end":{"line":193,"column":91}},"119":{"start":{"line":194,"column":20},"end":{"line":195,"column":41}},"120":{"start":{"line":195,"column":24},"end":{"line":195,"column":41}},"121":{"start":{"line":202,"column":18},"end":{"line":202,"column":35}},"122":{"start":{"line":203,"column":19},"end":{"line":203,"column":25}},"123":{"start":{"line":204,"column":8},"end":{"line":209,"column":11}},"124":{"start":{"line":206,"column":31},"end":{"line":206,"column":40}},"125":{"start":{"line":207,"column":42},"end":{"line":207,"column":51}},"126":{"start":{"line":210,"column":34},"end":{"line":210,"column":35}},"127":{"start":{"line":211,"column":30},"end":{"line":211,"column":32}},"128":{"start":{"line":212,"column":19},"end":{"line":216,"column":29}},"129":{"start":{"line":217,"column":8},"end":{"line":217,"column":25}},"130":{"start":{"line":218,"column":8},"end":{"line":218,"column":20}},"131":{"start":{"line":221,"column":29},"end":{"line":221,"column":52}},"132":{"start":{"line":222,"column":8},"end":{"line":223,"column":19}},"133":{"start":{"line":223,"column":12},"end":{"line":223,"column":19}},"134":{"start":{"line":224,"column":8},"end":{"line":225,"column":19}},"135":{"start":{"line":225,"column":12},"end":{"line":225,"column":19}},"136":{"start":{"line":226,"column":20},"end":{"line":229,"column":68}},"137":{"start":{"line":227,"column":27},"end":{"line":227,"column":73}},"138":{"start":{"line":228,"column":30},"end":{"line":228,"column":49}},"139":{"start":{"line":229,"column":36},"end":{"line":229,"column":67}},"140":{"start":{"line":230,"column":8},"end":{"line":232,"column":9}},"141":{"start":{"line":231,"column":12},"end":{"line":231,"column":43}},"142":{"start":{"line":235,"column":0},"end":{"line":235,"column":30}}},"fnMap":{"0":{"name":"(anonymous_0)","decl":{"start":{"line":12,"column":4},"end":{"line":12,"column":5}},"loc":{"start":{"line":12,"column":30},"end":{"line":28,"column":5}},"line":12},"1":{"name":"(anonymous_1)","decl":{"start":{"line":29,"column":4},"end":{"line":29,"column":5}},"loc":{"start":{"line":29,"column":27},"end":{"line":32,"column":5}},"line":29},"2":{"name":"(anonymous_2)","decl":{"start":{"line":33,"column":4},"end":{"line":33,"column":5}},"loc":{"start":{"line":33,"column":30},"end":{"line":35,"column":5}},"line":33},"3":{"name":"(anonymous_3)","decl":{"start":{"line":36,"column":4},"end":{"line":36,"column":5}},"loc":{"start":{"line":36,"column":17},"end":{"line":41,"column":5}},"line":36},"4":{"name":"(anonymous_4)","decl":{"start":{"line":42,"column":4},"end":{"line":42,"column":5}},"loc":{"start":{"line":42,"column":20},"end":{"line":44,"column":5}},"line":42},"5":{"name":"(anonymous_5)","decl":{"start":{"line":45,"column":4},"end":{"line":45,"column":5}},"loc":{"start":{"line":45,"column":21},"end":{"line":48,"column":5}},"line":45},"6":{"name":"(anonymous_6)","decl":{"start":{"line":47,"column":17},"end":{"line":47,"column":18}},"loc":{"start":{"line":47,"column":27},"end":{"line":47,"column":73}},"line":47},"7":{"name":"(anonymous_7)","decl":{"start":{"line":49,"column":4},"end":{"line":49,"column":5}},"loc":{"start":{"line":49,"column":23},"end":{"line":51,"column":5}},"line":49},"8":{"name":"(anonymous_8)","decl":{"start":{"line":50,"column":42},"end":{"line":50,"column":43}},"loc":{"start":{"line":50,"column":52},"end":{"line":50,"column":68}},"line":50},"9":{"name":"(anonymous_9)","decl":{"start":{"line":52,"column":4},"end":{"line":52,"column":5}},"loc":{"start":{"line":52,"column":58},"end":{"line":73,"column":5}},"line":52},"10":{"name":"(anonymous_10)","decl":{"start":{"line":74,"column":4},"end":{"line":74,"column":5}},"loc":{"start":{"line":74,"column":13},"end":{"line":83,"column":5}},"line":74},"11":{"name":"(anonymous_11)","decl":{"start":{"line":84,"column":4},"end":{"line":84,"column":5}},"loc":{"start":{"line":84,"column":16},"end":{"line":96,"column":5}},"line":84},"12":{"name":"(anonymous_12)","decl":{"start":{"line":97,"column":4},"end":{"line":97,"column":5}},"loc":{"start":{"line":97,"column":12},"end":{"line":107,"column":5}},"line":97},"13":{"name":"(anonymous_13)","decl":{"start":{"line":99,"column":21},"end":{"line":99,"column":22}},"loc":{"start":{"line":99,"column":30},"end":{"line":104,"column":9}},"line":99},"14":{"name":"(anonymous_14)","decl":{"start":{"line":108,"column":4},"end":{"line":108,"column":5}},"loc":{"start":{"line":108,"column":36},"end":{"line":117,"column":5}},"line":108},"15":{"name":"(anonymous_15)","decl":{"start":{"line":118,"column":4},"end":{"line":118,"column":5}},"loc":{"start":{"line":118,"column":17},"end":{"line":123,"column":5}},"line":118},"16":{"name":"(anonymous_16)","decl":{"start":{"line":120,"column":17},"end":{"line":120,"column":18}},"loc":{"start":{"line":120,"column":25},"end":{"line":120,"column":58}},"line":120},"17":{"name":"(anonymous_17)","decl":{"start":{"line":121,"column":20},"end":{"line":121,"column":21}},"loc":{"start":{"line":121,"column":28},"end":{"line":121,"column":47}},"line":121},"18":{"name":"(anonymous_18)","decl":{"start":{"line":122,"column":17},"end":{"line":122,"column":18}},"loc":{"start":{"line":122,"column":26},"end":{"line":122,"column":65}},"line":122},"19":{"name":"(anonymous_19)","decl":{"start":{"line":124,"column":4},"end":{"line":124,"column":5}},"loc":{"start":{"line":124,"column":18},"end":{"line":139,"column":5}},"line":124},"20":{"name":"(anonymous_20)","decl":{"start":{"line":126,"column":43},"end":{"line":126,"column":44}},"loc":{"start":{"line":126,"column":52},"end":{"line":130,"column":9}},"line":126},"21":{"name":"(anonymous_21)","decl":{"start":{"line":140,"column":4},"end":{"line":140,"column":5}},"loc":{"start":{"line":140,"column":31},"end":{"line":171,"column":5}},"line":140},"22":{"name":"(anonymous_22)","decl":{"start":{"line":147,"column":47},"end":{"line":147,"column":48}},"loc":{"start":{"line":147,"column":56},"end":{"line":162,"column":13}},"line":147},"23":{"name":"(anonymous_23)","decl":{"start":{"line":157,"column":62},"end":{"line":157,"column":63}},"loc":{"start":{"line":157,"column":68},"end":{"line":159,"column":25}},"line":157},"24":{"name":"(anonymous_24)","decl":{"start":{"line":164,"column":33},"end":{"line":164,"column":34}},"loc":{"start":{"line":164,"column":42},"end":{"line":164,"column":67}},"line":164},"25":{"name":"(anonymous_25)","decl":{"start":{"line":172,"column":4},"end":{"line":172,"column":5}},"loc":{"start":{"line":172,"column":61},"end":{"line":199,"column":5}},"line":172},"26":{"name":"(anonymous_26)","decl":{"start":{"line":190,"column":54},"end":{"line":190,"column":55}},"loc":{"start":{"line":190,"column":60},"end":{"line":196,"column":17}},"line":190},"27":{"name":"(anonymous_27)","decl":{"start":{"line":201,"column":4},"end":{"line":201,"column":5}},"loc":{"start":{"line":201,"column":35},"end":{"line":219,"column":5}},"line":201},"28":{"name":"(anonymous_28)","decl":{"start":{"line":206,"column":22},"end":{"line":206,"column":23}},"loc":{"start":{"line":206,"column":31},"end":{"line":206,"column":40}},"line":206},"29":{"name":"(anonymous_29)","decl":{"start":{"line":207,"column":22},"end":{"line":207,"column":23}},"loc":{"start":{"line":207,"column":42},"end":{"line":207,"column":51}},"line":207},"30":{"name":"(anonymous_30)","decl":{"start":{"line":220,"column":4},"end":{"line":220,"column":5}},"loc":{"start":{"line":220,"column":31},"end":{"line":233,"column":5}},"line":220},"31":{"name":"(anonymous_31)","decl":{"start":{"line":227,"column":17},"end":{"line":227,"column":18}},"loc":{"start":{"line":227,"column":27},"end":{"line":227,"column":73}},"line":227},"32":{"name":"(anonymous_32)","decl":{"start":{"line":228,"column":20},"end":{"line":228,"column":21}},"loc":{"start":{"line":228,"column":30},"end":{"line":228,"column":49}},"line":228},"33":{"name":"(anonymous_33)","decl":{"start":{"line":229,"column":18},"end":{"line":229,"column":19}},"loc":{"start":{"line":229,"column":36},"end":{"line":229,"column":67}},"line":229}},"branchMap":{"0":{"loc":{"start":{"line":12,"column":16},"end":{"line":12,"column":28}},"type":"default-arg","locations":[{"start":{"line":12,"column":26},"end":{"line":12,"column":28}}],"line":12},"1":{"loc":{"start":{"line":37,"column":8},"end":{"line":40,"column":21}},"type":"if","locations":[{"start":{"line":37,"column":8},"end":{"line":40,"column":21}},{"start":{"line":37,"column":8},"end":{"line":40,"column":21}}],"line":37},"2":{"loc":{"start":{"line":52,"column":19},"end":{"line":52,"column":56}},"type":"default-arg","locations":[{"start":{"line":52,"column":29},"end":{"line":52,"column":56}}],"line":52},"3":{"loc":{"start":{"line":56,"column":8},"end":{"line":57,"column":38}},"type":"if","locations":[{"start":{"line":56,"column":8},"end":{"line":57,"column":38}},{"start":{"line":56,"column":8},"end":{"line":57,"column":38}}],"line":56},"4":{"loc":{"start":{"line":58,"column":8},"end":{"line":60,"column":9}},"type":"if","locations":[{"start":{"line":58,"column":8},"end":{"line":60,"column":9}},{"start":{"line":58,"column":8},"end":{"line":60,"column":9}}],"line":58},"5":{"loc":{"start":{"line":58,"column":12},"end":{"line":58,"column":52}},"type":"binary-expr","locations":[{"start":{"line":58,"column":12},"end":{"line":58,"column":20}},{"start":{"line":58,"column":25},"end":{"line":58,"column":51}}],"line":58},"6":{"loc":{"start":{"line":66,"column":8},"end":{"line":70,"column":9}},"type":"if","locations":[{"start":{"line":66,"column":8},"end":{"line":70,"column":9}},{"start":{"line":66,"column":8},"end":{"line":70,"column":9}}],"line":66},"7":{"loc":{"start":{"line":76,"column":8},"end":{"line":82,"column":9}},"type":"if","locations":[{"start":{"line":76,"column":8},"end":{"line":82,"column":9}},{"start":{"line":76,"column":8},"end":{"line":82,"column":9}}],"line":76},"8":{"loc":{"start":{"line":86,"column":8},"end":{"line":95,"column":9}},"type":"if","locations":[{"start":{"line":86,"column":8},"end":{"line":95,"column":9}},{"start":{"line":86,"column":8},"end":{"line":95,"column":9}}],"line":86},"9":{"loc":{"start":{"line":89,"column":12},"end":{"line":89,"column":47}},"type":"binary-expr","locations":[{"start":{"line":89,"column":12},"end":{"line":89,"column":25}},{"start":{"line":89,"column":29},"end":{"line":89,"column":47}}],"line":89},"10":{"loc":{"start":{"line":90,"column":12},"end":{"line":90,"column":63}},"type":"binary-expr","locations":[{"start":{"line":90,"column":12},"end":{"line":90,"column":33}},{"start":{"line":90,"column":37},"end":{"line":90,"column":63}}],"line":90},"11":{"loc":{"start":{"line":101,"column":12},"end":{"line":103,"column":13}},"type":"if","locations":[{"start":{"line":101,"column":12},"end":{"line":103,"column":13}},{"start":{"line":101,"column":12},"end":{"line":103,"column":13}}],"line":101},"12":{"loc":{"start":{"line":110,"column":8},"end":{"line":116,"column":9}},"type":"if","locations":[{"start":{"line":110,"column":8},"end":{"line":116,"column":9}},{"start":{"line":110,"column":8},"end":{"line":116,"column":9}}],"line":110},"13":{"loc":{"start":{"line":136,"column":59},"end":{"line":136,"column":113}},"type":"binary-expr","locations":[{"start":{"line":136,"column":59},"end":{"line":136,"column":72}},{"start":{"line":136,"column":76},"end":{"line":136,"column":113}}],"line":136},"14":{"loc":{"start":{"line":150,"column":16},"end":{"line":161,"column":17}},"type":"if","locations":[{"start":{"line":150,"column":16},"end":{"line":161,"column":17}},{"start":{"line":150,"column":16},"end":{"line":161,"column":17}}],"line":150},"15":{"loc":{"start":{"line":152,"column":20},"end":{"line":160,"column":21}},"type":"if","locations":[{"start":{"line":152,"column":20},"end":{"line":160,"column":21}},{"start":{"line":152,"column":20},"end":{"line":160,"column":21}}],"line":152},"16":{"loc":{"start":{"line":168,"column":64},"end":{"line":168,"column":118}},"type":"binary-expr","locations":[{"start":{"line":168,"column":64},"end":{"line":168,"column":77}},{"start":{"line":168,"column":81},"end":{"line":168,"column":118}}],"line":168},"17":{"loc":{"start":{"line":180,"column":8},"end":{"line":198,"column":9}},"type":"if","locations":[{"start":{"line":180,"column":8},"end":{"line":198,"column":9}},{"start":{"line":180,"column":8},"end":{"line":198,"column":9}}],"line":180},"18":{"loc":{"start":{"line":180,"column":12},"end":{"line":180,"column":51}},"type":"binary-expr","locations":[{"start":{"line":180,"column":12},"end":{"line":180,"column":19}},{"start":{"line":180,"column":23},"end":{"line":180,"column":40}},{"start":{"line":180,"column":44},"end":{"line":180,"column":51}}],"line":180},"19":{"loc":{"start":{"line":182,"column":12},"end":{"line":183,"column":55}},"type":"if","locations":[{"start":{"line":182,"column":12},"end":{"line":183,"column":55}},{"start":{"line":182,"column":12},"end":{"line":183,"column":55}}],"line":182},"20":{"loc":{"start":{"line":184,"column":12},"end":{"line":197,"column":13}},"type":"if","locations":[{"start":{"line":184,"column":12},"end":{"line":197,"column":13}},{"start":{"line":184,"column":12},"end":{"line":197,"column":13}}],"line":184},"21":{"loc":{"start":{"line":192,"column":20},"end":{"line":192,"column":74}},"type":"binary-expr","locations":[{"start":{"line":192,"column":20},"end":{"line":192,"column":33}},{"start":{"line":192,"column":37},"end":{"line":192,"column":74}}],"line":192},"22":{"loc":{"start":{"line":193,"column":20},"end":{"line":193,"column":90}},"type":"binary-expr","locations":[{"start":{"line":193,"column":20},"end":{"line":193,"column":41}},{"start":{"line":193,"column":45},"end":{"line":193,"column":90}}],"line":193},"23":{"loc":{"start":{"line":194,"column":20},"end":{"line":195,"column":41}},"type":"if","locations":[{"start":{"line":194,"column":20},"end":{"line":195,"column":41}},{"start":{"line":194,"column":20},"end":{"line":195,"column":41}}],"line":194},"24":{"loc":{"start":{"line":222,"column":8},"end":{"line":223,"column":19}},"type":"if","locations":[{"start":{"line":222,"column":8},"end":{"line":223,"column":19}},{"start":{"line":222,"column":8},"end":{"line":223,"column":19}}],"line":222},"25":{"loc":{"start":{"line":224,"column":8},"end":{"line":225,"column":19}},"type":"if","locations":[{"start":{"line":224,"column":8},"end":{"line":225,"column":19}},{"start":{"line":224,"column":8},"end":{"line":225,"column":19}}],"line":224}},"s":{"0":2,"1":2,"2":2,"3":2,"4":2,"5":2,"6":2,"7":1,"8":1,"9":1,"10":1,"11":1,"12":1,"13":1,"14":1,"15":1,"16":5,"17":5,"18":0,"19":9,"20":8,"21":1,"22":10,"23":3,"24":937,"25":0,"26":0,"27":4972,"28":4972,"29":4972,"30":4972,"31":0,"32":4972,"33":4972,"34":4972,"35":4972,"36":4972,"37":4972,"38":4972,"39":4972,"40":4972,"41":5,"42":5,"43":2,"44":2,"45":3,"46":4598,"47":4598,"48":4598,"49":4598,"50":4598,"51":4598,"52":4598,"53":0,"54":6,"55":3737,"56":3737,"57":3737,"58":6,"59":6,"60":1,"61":1,"62":1,"63":1,"64":0,"65":0,"66":0,"67":0,"68":0,"69":5,"70":5,"71":4671,"72":4671,"73":4671,"74":5,"75":5,"76":5,"77":0,"78":0,"79":4,"80":4,"81":4,"82":4,"83":4,"84":4,"85":4,"86":3737,"87":3737,"88":3737,"89":0,"90":0,"91":0,"92":0,"93":0,"94":0,"95":4,"96":4,"97":0,"98":0,"99":0,"100":0,"101":4973,"102":4973,"103":4973,"104":4973,"105":4973,"106":4973,"107":4973,"108":5,"109":5,"110":5,"111":5,"112":0,"113":0,"114":5,"115":5,"116":4,"117":4,"118":4,"119":4,"120":2,"121":1,"122":1,"123":1,"124":1,"125":1,"126":1,"127":1,"128":1,"129":1,"130":1,"131":4981,"132":4981,"133":1511,"134":3470,"135":0,"136":3470,"137":3242484,"138":3242484,"139":36018554,"140":3470,"141":4593,"142":2},"f":{"0":1,"1":5,"2":0,"3":9,"4":10,"5":3,"6":937,"7":0,"8":0,"9":4972,"10":5,"11":4598,"12":6,"13":3737,"14":1,"15":0,"16":0,"17":0,"18":0,"19":5,"20":4671,"21":4,"22":3737,"23":0,"24":0,"25":4973,"26":4,"27":1,"28":1,"29":1,"30":4981,"31":3242484,"32":3242484,"33":36018554},"b":{"0":[0],"1":[8,1],"2":[4967],"3":[0,4972],"4":[4972,0],"5":[4972,0],"6":[4972,0],"7":[2,3],"8":[4598,0],"9":[4598,2],"10":[4598,1],"11":[3737,0],"12":[1,0],"13":[0,0],"14":[0,3737],"15":[0,0],"16":[0,0],"17":[5,4968],"18":[4973,4973,5],"19":[5,0],"20":[0,5],"21":[4,3],"22":[4,1],"23":[2,2],"24":[1511,3470],"25":[0,3470]},"_coverageSchema":"332fd63041d2c1bcb487cc26dd0d5f7d97098a6c","hash":"bf416d1ed36ab07c58702a7938d6ad8c68f71860"}
,"/Users/dennistheotokatos/dev/anel/dev/repos/dneco3.0/dneco3/libraries/dyna-cache/src/index.ts": {"path":"/Users/dennistheotokatos/dev/anel/dev/repos/dneco3.0/dneco3/libraries/dyna-cache/src/index.ts","statementMap":{"0":{"start":{"line":1,"column":13},"end":{"line":1,"column":42}},"1":{"start":{"line":1,"column":42},"end":{"line":1,"column":55}},"2":{"start":{"line":2,"column":0},"end":{"line":2,"column":62}},"3":{"start":{"line":3,"column":21},"end":{"line":3,"column":44}},"4":{"start":{"line":4,"column":0},"end":{"line":4,"column":43}},"5":{"start":{"line":5,"column":0},"end":{"line":5,"column":59}},"6":{"start":{"line":6,"column":0},"end":{"line":6,"column":49}}},"fnMap":{},"branchMap":{},"s":{"0":2,"1":2,"2":2,"3":2,"4":2,"5":2,"6":2},"f":{},"b":{},"_coverageSchema":"332fd63041d2c1bcb487cc26dd0d5f7d97098a6c","hash":"8ba1c0f5392a31262c9ee0dbec7eab1fcb68e1bc"}
,"/Users/dennistheotokatos/dev/anel/dev/repos/dneco3.0/dneco3/libraries/dyna-cache/src/utils.ts": {"path":"/Users/dennistheotokatos/dev/anel/dev/repos/dneco3.0/dneco3/libraries/dyna-cache/src/utils.ts","statementMap":{"0":{"start":{"line":1,"column":13},"end":{"line":1,"column":42}},"1":{"start":{"line":1,"column":42},"end":{"line":1,"column":55}},"2":{"start":{"line":2,"column":0},"end":{"line":2,"column":62}},"3":{"start":{"line":4,"column":4},"end":{"line":5,"column":50}},"4":{"start":{"line":5,"column":8},"end":{"line":5,"column":50}},"5":{"start":{"line":6,"column":4},"end":{"line":29,"column":5}},"6":{"start":{"line":7,"column":8},"end":{"line":7,"column":28}},"7":{"start":{"line":9,"column":9},"end":{"line":29,"column":5}},"8":{"start":{"line":10,"column":8},"end":{"line":10,"column":49}},"9":{"start":{"line":12,"column":9},"end":{"line":29,"column":5}},"10":{"start":{"line":13,"column":8},"end":{"line":13,"column":79}},"11":{"start":{"line":16,"column":20},"end":{"line":16,"column":59}},"12":{"start":{"line":17,"column":8},"end":{"line":18,"column":22}},"13":{"start":{"line":18,"column":12},"end":{"line":18,"column":22}},"14":{"start":{"line":19,"column":8},"end":{"line":28,"column":9}},"15":{"start":{"line":20,"column":22},"end":{"line":20,"column":42}},"16":{"start":{"line":21,"column":22},"end":{"line":21,"column":47}},"17":{"start":{"line":22,"column":22},"end":{"line":22,"column":52}},"18":{"start":{"line":23,"column":22},"end":{"line":23,"column":57}},"19":{"start":{"line":24,"column":22},"end":{"line":24,"column":61}},"20":{"start":{"line":25,"column":22},"end":{"line":25,"column":70}},"21":{"start":{"line":27,"column":16},"end":{"line":27,"column":26}},"22":{"start":{"line":31,"column":0},"end":{"line":31,"column":28}},"23":{"start":{"line":33,"column":16},"end":{"line":33,"column":18}},"24":{"start":{"line":34,"column":17},"end":{"line":45,"column":6}},"25":{"start":{"line":35,"column":8},"end":{"line":43,"column":9}},"26":{"start":{"line":36,"column":12},"end":{"line":41,"column":13}},"27":{"start":{"line":37,"column":16},"end":{"line":40,"column":27}},"28":{"start":{"line":38,"column":20},"end":{"line":38,"column":54}},"29":{"start":{"line":40,"column":20},"end":{"line":40,"column":27}},"30":{"start":{"line":42,"column":12},"end":{"line":42,"column":30}},"31":{"start":{"line":44,"column":8},"end":{"line":44,"column":21}},"32":{"start":{"line":46,"column":4},"end":{"line":46,"column":17}},"33":{"start":{"line":47,"column":4},"end":{"line":47,"column":18}},"34":{"start":{"line":49,"column":0},"end":{"line":49,"column":38}},"35":{"start":{"line":51,"column":4},"end":{"line":51,"column":37}},"36":{"start":{"line":53,"column":0},"end":{"line":53,"column":32}},"37":{"start":{"line":55,"column":4},"end":{"line":55,"column":46}},"38":{"start":{"line":57,"column":0},"end":{"line":57,"column":32}},"39":{"start":{"line":59,"column":4},"end":{"line":59,"column":34}},"40":{"start":{"line":61,"column":0},"end":{"line":61,"column":40}},"41":{"start":{"line":63,"column":19},"end":{"line":63,"column":35}},"42":{"start":{"line":64,"column":23},"end":{"line":64,"column":25}},"43":{"start":{"line":65,"column":4},"end":{"line":68,"column":7}},"44":{"start":{"line":66,"column":8},"end":{"line":67,"column":40}},"45":{"start":{"line":67,"column":12},"end":{"line":67,"column":40}},"46":{"start":{"line":69,"column":4},"end":{"line":69,"column":24}},"47":{"start":{"line":72,"column":23},"end":{"line":72,"column":66}},"48":{"start":{"line":73,"column":4},"end":{"line":74,"column":84}},"49":{"start":{"line":74,"column":8},"end":{"line":74,"column":84}},"50":{"start":{"line":76,"column":0},"end":{"line":76,"column":84}},"51":{"start":{"line":77,"column":17},"end":{"line":88,"column":4}},"52":{"start":{"line":79,"column":19},"end":{"line":79,"column":21}},"53":{"start":{"line":80,"column":4},"end":{"line":86,"column":5}},"54":{"start":{"line":81,"column":8},"end":{"line":81,"column":14}},"55":{"start":{"line":82,"column":8},"end":{"line":84,"column":9}},"56":{"start":{"line":83,"column":12},"end":{"line":83,"column":65}},"57":{"start":{"line":85,"column":8},"end":{"line":85,"column":24}},"58":{"start":{"line":87,"column":4},"end":{"line":87,"column":20}},"59":{"start":{"line":90,"column":14},"end":{"line":90,"column":16}},"60":{"start":{"line":91,"column":4},"end":{"line":93,"column":5}},"61":{"start":{"line":92,"column":8},"end":{"line":92,"column":71}},"62":{"start":{"line":94,"column":4},"end":{"line":94,"column":38}},"63":{"start":{"line":96,"column":0},"end":{"line":96,"column":28}},"64":{"start":{"line":98,"column":4},"end":{"line":98,"column":41}},"65":{"start":{"line":100,"column":0},"end":{"line":100,"column":40}}},"fnMap":{"0":{"name":"expireIn","decl":{"start":{"line":3,"column":9},"end":{"line":3,"column":17}},"loc":{"start":{"line":3,"column":32},"end":{"line":30,"column":1}},"line":3},"1":{"name":"JSONStringify","decl":{"start":{"line":32,"column":9},"end":{"line":32,"column":22}},"loc":{"start":{"line":32,"column":64},"end":{"line":48,"column":1}},"line":32},"2":{"name":"(anonymous_2)","decl":{"start":{"line":34,"column":40},"end":{"line":34,"column":41}},"loc":{"start":{"line":34,"column":62},"end":{"line":45,"column":5}},"line":34},"3":{"name":"objectSize","decl":{"start":{"line":50,"column":9},"end":{"line":50,"column":19}},"loc":{"start":{"line":50,"column":25},"end":{"line":52,"column":1}},"line":50},"4":{"name":"sizeOfItem","decl":{"start":{"line":54,"column":9},"end":{"line":54,"column":19}},"loc":{"start":{"line":54,"column":31},"end":{"line":56,"column":1}},"line":54},"5":{"name":"getNowAsNumber","decl":{"start":{"line":58,"column":9},"end":{"line":58,"column":23}},"loc":{"start":{"line":58,"column":26},"end":{"line":60,"column":1}},"line":58},"6":{"name":"validateObjProperties","decl":{"start":{"line":62,"column":9},"end":{"line":62,"column":30}},"loc":{"start":{"line":62,"column":53},"end":{"line":70,"column":1}},"line":62},"7":{"name":"(anonymous_7)","decl":{"start":{"line":65,"column":21},"end":{"line":65,"column":22}},"loc":{"start":{"line":65,"column":35},"end":{"line":68,"column":5}},"line":65},"8":{"name":"validateObjPropertiesAndConsoleError","decl":{"start":{"line":71,"column":9},"end":{"line":71,"column":45}},"loc":{"start":{"line":71,"column":82},"end":{"line":75,"column":1}},"line":71},"9":{"name":"(anonymous_9)","decl":{"start":{"line":77,"column":18},"end":{"line":77,"column":19}},"loc":{"start":{"line":77,"column":30},"end":{"line":88,"column":1}},"line":77},"10":{"name":"getCRC32","decl":{"start":{"line":89,"column":9},"end":{"line":89,"column":17}},"loc":{"start":{"line":89,"column":23},"end":{"line":95,"column":1}},"line":89},"11":{"name":"getObjectCRC32","decl":{"start":{"line":97,"column":9},"end":{"line":97,"column":23}},"loc":{"start":{"line":97,"column":29},"end":{"line":99,"column":1}},"line":97}},"branchMap":{"0":{"loc":{"start":{"line":4,"column":4},"end":{"line":5,"column":50}},"type":"if","locations":[{"start":{"line":4,"column":4},"end":{"line":5,"column":50}},{"start":{"line":4,"column":4},"end":{"line":5,"column":50}}],"line":4},"1":{"loc":{"start":{"line":6,"column":4},"end":{"line":29,"column":5}},"type":"if","locations":[{"start":{"line":6,"column":4},"end":{"line":29,"column":5}},{"start":{"line":6,"column":4},"end":{"line":29,"column":5}}],"line":6},"2":{"loc":{"start":{"line":9,"column":9},"end":{"line":29,"column":5}},"type":"if","locations":[{"start":{"line":9,"column":9},"end":{"line":29,"column":5}},{"start":{"line":9,"column":9},"end":{"line":29,"column":5}}],"line":9},"3":{"loc":{"start":{"line":12,"column":9},"end":{"line":29,"column":5}},"type":"if","locations":[{"start":{"line":12,"column":9},"end":{"line":29,"column":5}},{"start":{"line":12,"column":9},"end":{"line":29,"column":5}}],"line":12},"4":{"loc":{"start":{"line":16,"column":20},"end":{"line":16,"column":59}},"type":"binary-expr","locations":[{"start":{"line":16,"column":20},"end":{"line":16,"column":53}},{"start":{"line":16,"column":57},"end":{"line":16,"column":59}}],"line":16},"5":{"loc":{"start":{"line":17,"column":8},"end":{"line":18,"column":22}},"type":"if","locations":[{"start":{"line":17,"column":8},"end":{"line":18,"column":22}},{"start":{"line":17,"column":8},"end":{"line":18,"column":22}}],"line":17},"6":{"loc":{"start":{"line":19,"column":8},"end":{"line":28,"column":9}},"type":"switch","locations":[{"start":{"line":20,"column":12},"end":{"line":20,"column":42}},{"start":{"line":21,"column":12},"end":{"line":21,"column":47}},{"start":{"line":22,"column":12},"end":{"line":22,"column":52}},{"start":{"line":23,"column":12},"end":{"line":23,"column":57}},{"start":{"line":24,"column":12},"end":{"line":24,"column":61}},{"start":{"line":25,"column":12},"end":{"line":25,"column":70}},{"start":{"line":26,"column":12},"end":{"line":27,"column":26}}],"line":19},"7":{"loc":{"start":{"line":32,"column":31},"end":{"line":32,"column":62}},"type":"default-arg","locations":[{"start":{"line":32,"column":60},"end":{"line":32,"column":62}}],"line":32},"8":{"loc":{"start":{"line":35,"column":8},"end":{"line":43,"column":9}},"type":"if","locations":[{"start":{"line":35,"column":8},"end":{"line":43,"column":9}},{"start":{"line":35,"column":8},"end":{"line":43,"column":9}}],"line":35},"9":{"loc":{"start":{"line":35,"column":12},"end":{"line":35,"column":55}},"type":"binary-expr","locations":[{"start":{"line":35,"column":12},"end":{"line":35,"column":37}},{"start":{"line":35,"column":41},"end":{"line":35,"column":55}}],"line":35},"10":{"loc":{"start":{"line":36,"column":12},"end":{"line":41,"column":13}},"type":"if","locations":[{"start":{"line":36,"column":12},"end":{"line":41,"column":13}},{"start":{"line":36,"column":12},"end":{"line":41,"column":13}}],"line":36},"11":{"loc":{"start":{"line":37,"column":16},"end":{"line":40,"column":27}},"type":"if","locations":[{"start":{"line":37,"column":16},"end":{"line":40,"column":27}},{"start":{"line":37,"column":16},"end":{"line":40,"column":27}}],"line":37},"12":{"loc":{"start":{"line":66,"column":8},"end":{"line":67,"column":40}},"type":"if","locations":[{"start":{"line":66,"column":8},"end":{"line":67,"column":40}},{"start":{"line":66,"column":8},"end":{"line":67,"column":40}}],"line":66},"13":{"loc":{"start":{"line":73,"column":4},"end":{"line":74,"column":84}},"type":"if","locations":[{"start":{"line":73,"column":4},"end":{"line":74,"column":84}},{"start":{"line":73,"column":4},"end":{"line":74,"column":84}}],"line":73},"14":{"loc":{"start":{"line":74,"column":9},"end":{"line":74,"column":37}},"type":"binary-expr","locations":[{"start":{"line":74,"column":9},"end":{"line":74,"column":22}},{"start":{"line":74,"column":26},"end":{"line":74,"column":37}}],"line":74},"15":{"loc":{"start":{"line":83,"column":17},"end":{"line":83,"column":63}},"type":"cond-expr","locations":[{"start":{"line":83,"column":28},"end":{"line":83,"column":50}},{"start":{"line":83,"column":55},"end":{"line":83,"column":62}}],"line":83}},"s":{"0":6,"1":6,"2":6,"3":15,"4":13,"5":15,"6":2,"7":13,"8":2,"9":11,"10":2,"11":9,"12":9,"13":1,"14":8,"15":2,"16":1,"17":1,"18":2,"19":1,"20":1,"21":0,"22":6,"23":4977,"24":4977,"25":9977,"26":4980,"27":6,"28":1,"29":5,"30":4974,"31":9971,"32":4977,"33":4977,"34":6,"35":4974,"36":6,"37":4973,"38":6,"39":4975,"40":6,"41":4974,"42":4974,"43":4974,"44":14915,"45":0,"46":4974,"47":4974,"48":4974,"49":0,"50":6,"51":6,"52":6,"53":6,"54":1536,"55":1536,"56":12288,"57":1536,"58":6,"59":0,"60":0,"61":0,"62":0,"63":6,"64":0,"65":6},"f":{"0":15,"1":4977,"2":9977,"3":4974,"4":4973,"5":4975,"6":4974,"7":14915,"8":4974,"9":6,"10":0,"11":0},"b":{"0":[13,2],"1":[2,13],"2":[2,11],"3":[2,9],"4":[9,1],"5":[1,8],"6":[2,1,1,2,1,1,0],"7":[4976],"8":[4980,4997],"9":[9977,4981],"10":[6,4974],"11":[1,5],"12":[0,14915],"13":[0,4974],"14":[0,0],"15":[6144,6144]},"_coverageSchema":"332fd63041d2c1bcb487cc26dd0d5f7d97098a6c","hash":"da61aab68a983b29e012d02abccbaa18f729f0bd"}
}
