TN:
SF:/Users/dennistheotokatos/dev/anel/dev/repos/dneco3.0/dneco3/libraries/dyna-cache/src/dyna-cache.ts
FN:12,(anonymous_0)
FN:29,(anonymous_1)
FN:33,(anonymous_2)
FN:36,(anonymous_3)
FN:42,(anonymous_4)
FN:45,(anonymous_5)
FN:47,(anonymous_6)
FN:49,(anonymous_7)
FN:50,(anonymous_8)
FN:52,(anonymous_9)
FN:74,(anonymous_10)
FN:84,(anonymous_11)
FN:97,(anonymous_12)
FN:99,(anonymous_13)
FN:108,(anonymous_14)
FN:118,(anonymous_15)
FN:120,(anonymous_16)
FN:121,(anonymous_17)
FN:122,(anonymous_18)
FN:124,(anonymous_19)
FN:126,(anonymous_20)
FN:140,(anonymous_21)
FN:147,(anonymous_22)
FN:157,(anonymous_23)
FN:164,(anonymous_24)
FN:172,(anonymous_25)
FN:190,(anonymous_26)
FN:201,(anonymous_27)
FN:206,(anonymous_28)
FN:207,(anonymous_29)
FN:220,(anonymous_30)
FN:227,(anonymous_31)
FN:228,(anonymous_32)
FN:229,(anonymous_33)
FNF:34
FNH:25
FNDA:1,(anonymous_0)
FNDA:5,(anonymous_1)
FNDA:0,(anonymous_2)
FNDA:9,(anonymous_3)
FNDA:10,(anonymous_4)
FNDA:3,(anonymous_5)
FNDA:937,(anonymous_6)
FNDA:0,(anonymous_7)
FNDA:0,(anonymous_8)
FNDA:4972,(anonymous_9)
FNDA:5,(anonymous_10)
FNDA:4598,(anonymous_11)
FNDA:6,(anonymous_12)
FNDA:3737,(anonymous_13)
FNDA:1,(anonymous_14)
FNDA:0,(anonymous_15)
FNDA:0,(anonymous_16)
FNDA:0,(anonymous_17)
FNDA:0,(anonymous_18)
FNDA:5,(anonymous_19)
FNDA:4671,(anonymous_20)
FNDA:4,(anonymous_21)
FNDA:3737,(anonymous_22)
FNDA:0,(anonymous_23)
FNDA:0,(anonymous_24)
FNDA:4973,(anonymous_25)
FNDA:4,(anonymous_26)
FNDA:1,(anonymous_27)
FNDA:1,(anonymous_28)
FNDA:1,(anonymous_29)
FNDA:4981,(anonymous_30)
FNDA:3242484,(anonymous_31)
FNDA:3242484,(anonymous_32)
FNDA:36018554,(anonymous_33)
DA:1,2
DA:2,2
DA:3,2
DA:4,2
DA:5,2
DA:8,2
DA:13,1
DA:16,1
DA:17,1
DA:18,1
DA:19,1
DA:20,1
DA:25,1
DA:26,1
DA:27,1
DA:30,5
DA:31,5
DA:34,0
DA:37,9
DA:38,8
DA:40,1
DA:43,10
DA:46,3
DA:47,937
DA:50,0
DA:53,4972
DA:54,4972
DA:55,4972
DA:56,4972
DA:57,0
DA:58,4972
DA:59,4972
DA:61,4972
DA:66,4972
DA:67,4972
DA:68,4972
DA:69,4972
DA:71,4972
DA:72,4972
DA:75,5
DA:76,5
DA:77,2
DA:78,2
DA:81,3
DA:85,4598
DA:86,4598
DA:87,4598
DA:88,4598
DA:89,4598
DA:90,4598
DA:91,4598
DA:94,0
DA:98,6
DA:100,3737
DA:101,3737
DA:102,3737
DA:105,6
DA:106,6
DA:109,1
DA:110,1
DA:111,1
DA:112,1
DA:115,0
DA:119,0
DA:120,0
DA:121,0
DA:122,0
DA:125,5
DA:126,5
DA:127,4671
DA:128,4671
DA:129,4671
DA:131,5
DA:132,5
DA:133,5
DA:136,0
DA:137,0
DA:141,4
DA:142,4
DA:143,4
DA:144,4
DA:145,4
DA:146,4
DA:147,4
DA:148,3737
DA:149,3737
DA:150,3737
DA:151,0
DA:152,0
DA:153,0
DA:154,0
DA:157,0
DA:158,0
DA:163,4
DA:164,4
DA:167,0
DA:168,0
DA:169,0
DA:173,4973
DA:174,4973
DA:175,4973
DA:176,4973
DA:177,4973
DA:178,4973
DA:180,4973
DA:181,5
DA:182,5
DA:183,5
DA:184,5
DA:185,0
DA:186,0
DA:189,5
DA:190,5
DA:191,4
DA:192,4
DA:193,4
DA:194,4
DA:195,2
DA:202,1
DA:203,1
DA:204,1
DA:206,1
DA:207,1
DA:210,1
DA:211,1
DA:212,1
DA:217,1
DA:218,1
DA:221,4981
DA:222,4981
DA:223,1511
DA:224,3470
DA:225,0
DA:226,3470
DA:227,3242484
DA:228,3242484
DA:229,36018554
DA:230,3470
DA:231,4593
DA:235,2
LF:140
LH:117
BRDA:12,0,0,0
BRDA:37,1,0,8
BRDA:37,1,1,1
BRDA:52,2,0,4967
BRDA:56,3,0,0
BRDA:56,3,1,4972
BRDA:58,4,0,4972
BRDA:58,4,1,0
BRDA:58,5,0,4972
BRDA:58,5,1,0
BRDA:66,6,0,4972
BRDA:66,6,1,0
BRDA:76,7,0,2
BRDA:76,7,1,3
BRDA:86,8,0,4598
BRDA:86,8,1,0
BRDA:89,9,0,4598
BRDA:89,9,1,2
BRDA:90,10,0,4598
BRDA:90,10,1,1
BRDA:101,11,0,3737
BRDA:101,11,1,0
BRDA:110,12,0,1
BRDA:110,12,1,0
BRDA:136,13,0,0
BRDA:136,13,1,0
BRDA:150,14,0,0
BRDA:150,14,1,3737
BRDA:152,15,0,0
BRDA:152,15,1,0
BRDA:168,16,0,0
BRDA:168,16,1,0
BRDA:180,17,0,5
BRDA:180,17,1,4968
BRDA:180,18,0,4973
BRDA:180,18,1,4973
BRDA:180,18,2,5
BRDA:182,19,0,5
BRDA:182,19,1,0
BRDA:184,20,0,0
BRDA:184,20,1,5
BRDA:192,21,0,4
BRDA:192,21,1,3
BRDA:193,22,0,4
BRDA:193,22,1,1
BRDA:194,23,0,2
BRDA:194,23,1,2
BRDA:222,24,0,1511
BRDA:222,24,1,3470
BRDA:224,25,0,0
BRDA:224,25,1,3470
BRF:51
BRH:33
end_of_record
TN:
SF:/Users/dennistheotokatos/dev/anel/dev/repos/dneco3.0/dneco3/libraries/dyna-cache/src/index.ts
FNF:0
FNH:0
DA:1,2
DA:2,2
DA:3,2
DA:4,2
DA:5,2
DA:6,2
LF:6
LH:6
BRF:0
BRH:0
end_of_record
TN:
SF:/Users/dennistheotokatos/dev/anel/dev/repos/dneco3.0/dneco3/libraries/dyna-cache/src/utils.ts
FN:3,expireIn
FN:32,JSONStringify
FN:34,(anonymous_2)
FN:50,objectSize
FN:54,sizeOfItem
FN:58,getNowAsNumber
FN:62,validateObjProperties
FN:65,(anonymous_7)
FN:71,validateObjPropertiesAndConsoleError
FN:77,(anonymous_9)
FN:89,getCRC32
FN:97,getObjectCRC32
FNF:12
FNH:10
FNDA:15,expireIn
FNDA:4977,JSONStringify
FNDA:9977,(anonymous_2)
FNDA:4974,objectSize
FNDA:4973,sizeOfItem
FNDA:4975,getNowAsNumber
FNDA:4974,validateObjProperties
FNDA:14915,(anonymous_7)
FNDA:4974,validateObjPropertiesAndConsoleError
FNDA:6,(anonymous_9)
FNDA:0,getCRC32
FNDA:0,getObjectCRC32
DA:1,6
DA:2,6
DA:4,15
DA:5,13
DA:6,15
DA:7,2
DA:9,13
DA:10,2
DA:12,11
DA:13,2
DA:16,9
DA:17,9
DA:18,1
DA:19,8
DA:20,2
DA:21,1
DA:22,1
DA:23,2
DA:24,1
DA:25,1
DA:27,0
DA:31,6
DA:33,4977
DA:34,4977
DA:35,9977
DA:36,4980
DA:37,6
DA:38,1
DA:40,5
DA:42,4974
DA:44,9971
DA:46,4977
DA:47,4977
DA:49,6
DA:51,4974
DA:53,6
DA:55,4973
DA:57,6
DA:59,4975
DA:61,6
DA:63,4974
DA:64,4974
DA:65,4974
DA:66,14915
DA:67,0
DA:69,4974
DA:72,4974
DA:73,4974
DA:74,0
DA:76,6
DA:77,6
DA:79,6
DA:80,6
DA:81,1536
DA:82,1536
DA:83,12288
DA:85,1536
DA:87,6
DA:90,0
DA:91,0
DA:92,0
DA:94,0
DA:96,6
DA:98,0
DA:100,6
LF:65
LH:57
BRDA:4,0,0,13
BRDA:4,0,1,2
BRDA:6,1,0,2
BRDA:6,1,1,13
BRDA:9,2,0,2
BRDA:9,2,1,11
BRDA:12,3,0,2
BRDA:12,3,1,9
BRDA:16,4,0,9
BRDA:16,4,1,1
BRDA:17,5,0,1
BRDA:17,5,1,8
BRDA:19,6,0,2
BRDA:19,6,1,1
BRDA:19,6,2,1
BRDA:19,6,3,2
BRDA:19,6,4,1
BRDA:19,6,5,1
BRDA:19,6,6,0
BRDA:32,7,0,4976
BRDA:35,8,0,4980
BRDA:35,8,1,4997
BRDA:35,9,0,9977
BRDA:35,9,1,4981
BRDA:36,10,0,6
BRDA:36,10,1,4974
BRDA:37,11,0,1
BRDA:37,11,1,5
BRDA:66,12,0,0
BRDA:66,12,1,14915
BRDA:73,13,0,0
BRDA:73,13,1,4974
BRDA:74,14,0,0
BRDA:74,14,1,0
BRDA:83,15,0,6144
BRDA:83,15,1,6144
BRF:36
BRH:31
end_of_record
